# JRE version: OpenJDK Runtime Environment (8.0_152-b01) (build 1.8.0_152-release-915-b01)
# Java VM: OpenJDK 64-Bit Server VM (25.152-b01 mixed mode windows-amd64 compressed oops)
Heap:
 PSYoungGen      total 95744K, used 30636K [0x00000000e0000000, 0x00000000e9b00000, 0x0000000100000000)
  eden space 90112K, 27% used [0x00000000e0000000,0x00000000e188d570,0x00000000e5800000)
  from space 5632K, 97% used [0x00000000e5980000,0x00000000e5eddc60,0x00000000e5f00000)
  to   space 34304K, 0% used [0x00000000e7980000,0x00000000e7980000,0x00000000e9b00000)
 ParOldGen       total 178688K, used 64912K [0x00000000a0000000, 0x00000000aae80000, 0x00000000e0000000)
  object space 178688K, 36% used [0x00000000a0000000,0x00000000a3f64008,0x00000000aae80000)
 Metaspace       used 82549K, capacity 89824K, committed 90004K, reserved 1126400K
  class space    used 10584K, capacity 12152K, committed 12220K, reserved 1048576K
GC Heap History (10 events):
Event: 2893.293 GC heap before
{Heap before GC invocations=40 (full 3):
 PSYoungGen      total 132608K, used 111994K [0x00000000e0000000, 0x00000000ea800000, 0x0000000100000000)
  eden space 99328K, 100% used [0x00000000e0000000,0x00000000e6100000,0x00000000e6100000)
  from space 33280K, 38% used [0x00000000e8780000,0x00000000e93deb10,0x00000000ea800000)
  to   space 36352K, 0% used [0x00000000e6100000,0x00000000e6100000,0x00000000e8480000)
 ParOldGen       total 178688K, used 64076K [0x00000000a0000000, 0x00000000aae80000, 0x00000000e0000000)
  object space 178688K, 35% used [0x00000000a0000000,0x00000000a3e93350,0x00000000aae80000)
 Metaspace       used 81279K, capacity 87162K, committed 87316K, reserved 1124352K
  class space    used 10372K, capacity 11723K, committed 11836K, reserved 1048576K
Event: 2893.302 GC heap after
Heap after GC invocations=40 (full 3):
 PSYoungGen      total 102400K, used 4986K [0x00000000e0000000, 0x00000000ea700000, 0x0000000100000000)
  eden space 97280K, 0% used [0x00000000e0000000,0x00000000e0000000,0x00000000e5f00000)
  from space 5120K, 97% used [0x00000000e6100000,0x00000000e65de820,0x00000000e6600000)
  to   space 36864K, 0% used [0x00000000e8300000,0x00000000e8300000,0x00000000ea700000)
 ParOldGen       total 178688K, used 64304K [0x00000000a0000000, 0x00000000aae80000, 0x00000000e0000000)
  object space 178688K, 35% used [0x00000000a0000000,0x00000000a3ecc240,0x00000000aae80000)
 Metaspace       used 81279K, capacity 87162K, committed 87316K, reserved 1124352K
  class space    used 10372K, capacity 11723K, committed 11836K, reserved 1048576K
}
Event: 2894.347 GC heap before
{Heap before GC invocations=41 (full 3):
 PSYoungGen      total 102400K, used 102266K [0x00000000e0000000, 0x00000000ea700000, 0x0000000100000000)
  eden space 97280K, 100% used [0x00000000e0000000,0x00000000e5f00000,0x00000000e5f00000)
  from space 5120K, 97% used [0x00000000e6100000,0x00000000e65de820,0x00000000e6600000)
  to   space 36864K, 0% used [0x00000000e8300000,0x00000000e8300000,0x00000000ea700000)
 ParOldGen       total 178688K, used 64304K [0x00000000a0000000, 0x00000000aae80000, 0x00000000e0000000)
  object space 178688K, 35% used [0x00000000a0000000,0x00000000a3ecc240,0x00000000aae80000)
 Metaspace       used 81423K, capacity 87322K, committed 87572K, reserved 1124352K
  class space    used 10381K, capacity 11739K, committed 11836K, reserved 1048576K
Event: 2894.361 GC heap after
Heap after GC invocations=41 (full 3):
 PSYoungGen      total 128000K, used 8752K [0x00000000e0000000, 0x00000000ea300000, 0x0000000100000000)
  eden space 95232K, 0% used [0x00000000e0000000,0x00000000e0000000,0x00000000e5d00000)
  from space 32768K, 26% used [0x00000000e8300000,0x00000000e8b8c030,0x00000000ea300000)
  to   space 35840K, 0% used [0x00000000e5d00000,0x00000000e5d00000,0x00000000e8000000)
 ParOldGen       total 178688K, used 64440K [0x00000000a0000000, 0x00000000aae80000, 0x00000000e0000000)
  object space 178688K, 36% used [0x00000000a0000000,0x00000000a3eee240,0x00000000aae80000)
 Metaspace       used 81423K, capacity 87322K, committed 87572K, reserved 1124352K
  class space    used 10381K, capacity 11739K, committed 11836K, reserved 1048576K
}
Event: 3059.665 GC heap before
{Heap before GC invocations=42 (full 3):
 PSYoungGen      total 128000K, used 103984K [0x00000000e0000000, 0x00000000ea300000, 0x0000000100000000)
  eden space 95232K, 100% used [0x00000000e0000000,0x00000000e5d00000,0x00000000e5d00000)
  from space 32768K, 26% used [0x00000000e8300000,0x00000000e8b8c030,0x00000000ea300000)
  to   space 35840K, 0% used [0x00000000e5d00000,0x00000000e5d00000,0x00000000e8000000)
 ParOldGen       total 178688K, used 64440K [0x00000000a0000000, 0x00000000aae80000, 0x00000000e0000000)
  object space 178688K, 36% used [0x00000000a0000000,0x00000000a3eee240,0x00000000aae80000)
 Metaspace       used 81561K, capacity 87650K, committed 87828K, reserved 1126400K
  class space    used 10399K, capacity 11791K, committed 11836K, reserved 1048576K
Event: 3059.672 GC heap after
Heap after GC invocations=42 (full 3):
 PSYoungGen      total 98304K, used 4870K [0x00000000e0000000, 0x00000000ea100000, 0x0000000100000000)
  eden space 93184K, 0% used [0x00000000e0000000,0x00000000e0000000,0x00000000e5b00000)
  from space 5120K, 95% used [0x00000000e5d00000,0x00000000e61c1b00,0x00000000e6200000)
  to   space 35840K, 0% used [0x00000000e7e00000,0x00000000e7e00000,0x00000000ea100000)
 ParOldGen       total 178688K, used 64620K [0x00000000a0000000, 0x00000000aae80000, 0x00000000e0000000)
  object space 178688K, 36% used [0x00000000a0000000,0x00000000a3f1b138,0x00000000aae80000)
 Metaspace       used 81561K, capacity 87650K, committed 87828K, reserved 1126400K
  class space    used 10399K, capacity 11791K, committed 11836K, reserved 1048576K
}
Event: 3061.376 GC heap before
{Heap before GC invocations=43 (full 3):
 PSYoungGen      total 98304K, used 98054K [0x00000000e0000000, 0x00000000ea100000, 0x0000000100000000)
  eden space 93184K, 100% used [0x00000000e0000000,0x00000000e5b00000,0x00000000e5b00000)
  from space 5120K, 95% used [0x00000000e5d00000,0x00000000e61c1b00,0x00000000e6200000)
  to   space 35840K, 0% used [0x00000000e7e00000,0x00000000e7e00000,0x00000000ea100000)
 ParOldGen       total 178688K, used 64620K [0x00000000a0000000, 0x00000000aae80000, 0x00000000e0000000)
  object space 178688K, 36% used [0x00000000a0000000,0x00000000a3f1b138,0x00000000aae80000)
 Metaspace       used 81743K, capacity 88038K, committed 88212K, reserved 1126400K
  class space    used 10428K, capacity 11845K, committed 11964K, reserved 1048576K
Event: 3061.388 GC heap after
Heap after GC invocations=43 (full 3):
 PSYoungGen      total 123904K, used 9192K [0x00000000e0000000, 0x00000000e9d80000, 0x0000000100000000)
  eden space 91648K, 0% used [0x00000000e0000000,0x00000000e0000000,0x00000000e5980000)
  from space 32256K, 28% used [0x00000000e7e00000,0x00000000e86fa298,0x00000000e9d80000)
  to   space 34816K, 0% used [0x00000000e5980000,0x00000000e5980000,0x00000000e7b80000)
 ParOldGen       total 178688K, used 64784K [0x00000000a0000000, 0x00000000aae80000, 0x00000000e0000000)
  object space 178688K, 36% used [0x00000000a0000000,0x00000000a3f44008,0x00000000aae80000)
 Metaspace       used 81743K, capacity 88038K, committed 88212K, reserved 1126400K
  class space    used 10428K, capacity 11845K, committed 11964K, reserved 1048576K
}
Event: 3605.859 GC heap before
{Heap before GC invocations=44 (full 3):
 PSYoungGen      total 123904K, used 100840K [0x00000000e0000000, 0x00000000e9d80000, 0x0000000100000000)
  eden space 91648K, 100% used [0x00000000e0000000,0x00000000e5980000,0x00000000e5980000)
  from space 32256K, 28% used [0x00000000e7e00000,0x00000000e86fa298,0x00000000e9d80000)
  to   space 34816K, 0% used [0x00000000e5980000,0x00000000e5980000,0x00000000e7b80000)
 ParOldGen       total 178688K, used 64784K [0x00000000a0000000, 0x00000000aae80000, 0x00000000e0000000)
  object space 178688K, 36% used [0x00000000a0000000,0x00000000a3f44008,0x00000000aae80000)
 Metaspace       used 82376K, capacity 89530K, committed 89748K, reserved 1126400K
  class space    used 10557K, capacity 12103K, committed 12220K, reserved 1048576K
Event: 3605.871 GC heap after
Heap after GC invocations=44 (full 3):
 PSYoungGen      total 95744K, used 5495K [0x00000000e0000000, 0x00000000e9b00000, 0x0000000100000000)
  eden space 90112K, 0% used [0x00000000e0000000,0x00000000e0000000,0x00000000e5800000)
  from space 5632K, 97% used [0x00000000e5980000,0x00000000e5eddc60,0x00000000e5f00000)
  to   space 34304K, 0% used [0x00000000e7980000,0x00000000e7980000,0x00000000e9b00000)
 ParOldGen       total 178688K, used 64912K [0x00000000a0000000, 0x00000000aae80000, 0x00000000e0000000)
  object space 178688K, 36% used [0x00000000a0000000,0x00000000a3f64008,0x00000000aae80000)
 Metaspace       used 82376K, capacity 89530K, committed 89748K, reserved 1126400K
  class space    used 10557K, capacity 12103K, committed 12220K, reserved 1048576K
}

